 Created by CRYSOL ...................................... : ATSAS 3.1.3 (r14636)
 CRYSOL started ......................................... : 19-Oct-2022   13:31:03
 Atomic coordinates read from ........................... : 5lvy_1frame.pdb
 Model used ............................................. : all
 Chain(s) used .......................................... : all
 Account for explicit hydrogens ......................... : no
 Shell type ............................................. : directional
 Number of spherical harmonics .......................... : 70
 Maximum scattering angle [A^-1] ........................ : 0.5000
 Number of calculated data points ....................... : 501
 Energy of incident radiation [eV] ...................... : undefined
 Solvent density [e/A^3] ................................ : 0.3340
 Contrast of the solvation shell [e/A^3] ................ : 3.000E-02
 Number of H atoms ...................................... : 1151
 Number of C atoms ...................................... : 732
 Number of N atoms ...................................... : 192
 Number of O atoms ...................................... : 232
 Number of S atoms ...................................... : 4
 Number of unknown atoms ................................ : 0
 Number of substituted unknown atoms .................... : 0
 Total number of atoms read ............................. : 2311
 Number of residues read ................................ : 154
 Number of dummy residues read .......................... : 0
 Number of dummy atoms read ............................. : 0
 Discarded rotamers ..................................... : 0
 Discarded explicit hydrogens ........................... : 1151
 Discarded waters ....................................... : 0
 Discarded dummy solvents ............................... : 0
 Molecular weight [Da] .................................. : 1.6483E+04
 Excluded Volume [A^3] .................................. : 2.0652E+04
 Partial specific Volume [ml/g] ......................... : 0.7545
 Average electron density [e/A^3] ....................... : 0.4265
 Geometric center ....................................... :     0.134   -0.035    0.144
 Shell Rg [A] ........................................... : 21.20
 Shell Volume [A^3] ..................................... : 1.2811E+04
 Envelope Rg [A] ........................................ : 16.46
 Envelope Volume [A^3] .................................. : 2.3255E+04
 Envelope Diameter [A] .................................. : 57.57
 Shape Rg [A] ........................................... : 16.00
 Electron Rg [A] ........................................ : 16.05
 Rg (Atoms - Excluded volume + Shell) [A] ............... : 17.13
 Rg from the slope of net intensity [A] ................. : 17.11
 CRYSOL finished ........................................ : 19-Oct-2022   13:31:04
